# JRE version: OpenJDK Runtime Environment (8.0_262-b10) (build 1.8.0_262-b10)
# Java VM: OpenJDK 64-Bit Server VM (25.262-b10 mixed mode windows-amd64 compressed oops)
Heap:
 PSYoungGen      total 70656K, used 55611K [0x0000000780000000, 0x0000000784a00000, 0x00000007c0000000)
  eden space 65536K, 77% used [0x0000000780000000,0x00000007831b2b70,0x0000000784000000)
  from space 5120K, 92% used [0x0000000784500000,0x000000078499c3c8,0x0000000784a00000)
  to   space 5120K, 0% used [0x0000000784000000,0x0000000784000000,0x0000000784500000)
 ParOldGen       total 86016K, used 16K [0x0000000700000000, 0x0000000705400000, 0x0000000780000000)
  object space 86016K, 0% used [0x0000000700000000,0x0000000700004000,0x0000000705400000)
 Metaspace       used 14666K, capacity 14982K, committed 15360K, reserved 1062912K
  class space    used 2130K, capacity 2251K, committed 2304K, reserved 1048576K
GC Heap History (4 events):
Event: 1.470 GC heap before
{Heap before GC invocations=1 (full 0):
 PSYoungGen      total 37888K, used 32768K [0x0000000780000000, 0x0000000782a00000, 0x00000007c0000000)
  eden space 32768K, 100% used [0x0000000780000000,0x0000000782000000,0x0000000782000000)
  from space 5120K, 0% used [0x0000000782500000,0x0000000782500000,0x0000000782a00000)
  to   space 5120K, 0% used [0x0000000782000000,0x0000000782000000,0x0000000782500000)
 ParOldGen       total 86016K, used 0K [0x0000000700000000, 0x0000000705400000, 0x0000000780000000)
  object space 86016K, 0% used [0x0000000700000000,0x0000000700000000,0x0000000705400000)
 Metaspace       used 7105K, capacity 7324K, committed 7680K, reserved 1056768K
  class space    used 878K, capacity 912K, committed 1024K, reserved 1048576K
Event: 1.498 GC heap after
Heap after GC invocations=1 (full 0):
 PSYoungGen      total 37888K, used 4114K [0x0000000780000000, 0x0000000784a00000, 0x00000007c0000000)
  eden space 32768K, 0% used [0x0000000780000000,0x0000000780000000,0x0000000782000000)
  from space 5120K, 80% used [0x0000000782000000,0x0000000782404ac8,0x0000000782500000)
  to   space 5120K, 0% used [0x0000000784500000,0x0000000784500000,0x0000000784a00000)
 ParOldGen       total 86016K, used 8K [0x0000000700000000, 0x0000000705400000, 0x0000000780000000)
  object space 86016K, 0% used [0x0000000700000000,0x0000000700002000,0x0000000705400000)
 Metaspace       used 7105K, capacity 7324K, committed 7680K, reserved 1056768K
  class space    used 878K, capacity 912K, committed 1024K, reserved 1048576K
}
Event: 2.271 GC heap before
{Heap before GC invocations=2 (full 0):
 PSYoungGen      total 37888K, used 36882K [0x0000000780000000, 0x0000000784a00000, 0x00000007c0000000)
  eden space 32768K, 100% used [0x0000000780000000,0x0000000782000000,0x0000000782000000)
  from space 5120K, 80% used [0x0000000782000000,0x0000000782404ac8,0x0000000782500000)
  to   space 5120K, 0% used [0x0000000784500000,0x0000000784500000,0x0000000784a00000)
 ParOldGen       total 86016K, used 8K [0x0000000700000000, 0x0000000705400000, 0x0000000780000000)
  object space 86016K, 0% used [0x0000000700000000,0x0000000700002000,0x0000000705400000)
 Metaspace       used 9478K, capacity 9802K, committed 9856K, reserved 1058816K
  class space    used 1290K, capacity 1393K, committed 1408K, reserved 1048576K
Event: 2.278 GC heap after
Heap after GC invocations=2 (full 0):
 PSYoungGen      total 70656K, used 4720K [0x0000000780000000, 0x0000000784a00000, 0x00000007c0000000)
  eden space 65536K, 0% used [0x0000000780000000,0x0000000780000000,0x0000000784000000)
  from space 5120K, 92% used [0x0000000784500000,0x000000078499c3c8,0x0000000784a00000)
  to   space 5120K, 0% used [0x0000000784000000,0x0000000784000000,0x0000000784500000)
 ParOldGen       total 86016K, used 16K [0x0000000700000000, 0x0000000705400000, 0x0000000780000000)
  object space 86016K, 0% used [0x0000000700000000,0x0000000700004000,0x0000000705400000)
 Metaspace       used 9478K, capacity 9802K, committed 9856K, reserved 1058816K
  class space    used 1290K, capacity 1393K, committed 1408K, reserved 1048576K
}

