# JRE version: OpenJDK Runtime Environment (8.0_262-b10) (build 1.8.0_262-b10)
# Java VM: OpenJDK 64-Bit Server VM (25.262-b10 mixed mode windows-amd64 compressed oops)
Heap:
 PSYoungGen      total 43008K, used 15928K [0x0000000780000000, 0x0000000784600000, 0x00000007c0000000)
  eden space 32256K, 38% used [0x0000000780000000,0x0000000780c426b8,0x0000000781f80000)
  from space 10752K, 31% used [0x0000000782a00000,0x0000000782d4bb78,0x0000000783480000)
  to   space 10752K, 0% used [0x0000000781f80000,0x0000000781f80000,0x0000000782a00000)
 ParOldGen       total 60928K, used 8907K [0x0000000700000000, 0x0000000703b80000, 0x0000000780000000)
  object space 60928K, 14% used [0x0000000700000000,0x00000007008b2ce0,0x0000000703b80000)
 Metaspace       used 25423K, capacity 25766K, committed 26160K, reserved 1071104K
  class space    used 3514K, capacity 3607K, committed 3632K, reserved 1048576K
GC Heap History (10 events):
Event: 6.069 GC heap before
{Heap before GC invocations=3 (full 0):
 PSYoungGen      total 37888K, used 37570K [0x0000000780000000, 0x0000000782a00000, 0x00000007c0000000)
  eden space 32768K, 100% used [0x0000000780000000,0x0000000782000000,0x0000000782000000)
  from space 5120K, 93% used [0x0000000782500000,0x00000007829b0b40,0x0000000782a00000)
  to   space 5120K, 0% used [0x0000000782000000,0x0000000782000000,0x0000000782500000)
 ParOldGen       total 86016K, used 24K [0x0000000700000000, 0x0000000705400000, 0x0000000780000000)
  object space 86016K, 0% used [0x0000000700000000,0x0000000700006000,0x0000000705400000)
 Metaspace       used 13453K, capacity 13780K, committed 14080K, reserved 1060864K
  class space    used 1922K, capacity 2026K, committed 2048K, reserved 1048576K
Event: 6.088 GC heap after
Heap after GC invocations=3 (full 0):
 PSYoungGen      total 37888K, used 5109K [0x0000000780000000, 0x0000000782a00000, 0x00000007c0000000)
  eden space 32768K, 0% used [0x0000000780000000,0x0000000780000000,0x0000000782000000)
  from space 5120K, 99% used [0x0000000782000000,0x00000007824fd5d8,0x0000000782500000)
  to   space 5120K, 0% used [0x0000000782500000,0x0000000782500000,0x0000000782a00000)
 ParOldGen       total 86016K, used 1806K [0x0000000700000000, 0x0000000705400000, 0x0000000780000000)
  object space 86016K, 2% used [0x0000000700000000,0x00000007001c3870,0x0000000705400000)
 Metaspace       used 13453K, capacity 13780K, committed 14080K, reserved 1060864K
  class space    used 1922K, capacity 2026K, committed 2048K, reserved 1048576K
}
Event: 8.190 GC heap before
{Heap before GC invocations=4 (full 0):
 PSYoungGen      total 37888K, used 37877K [0x0000000780000000, 0x0000000782a00000, 0x00000007c0000000)
  eden space 32768K, 100% used [0x0000000780000000,0x0000000782000000,0x0000000782000000)
  from space 5120K, 99% used [0x0000000782000000,0x00000007824fd5d8,0x0000000782500000)
  to   space 5120K, 0% used [0x0000000782500000,0x0000000782500000,0x0000000782a00000)
 ParOldGen       total 86016K, used 1806K [0x0000000700000000, 0x0000000705400000, 0x0000000780000000)
  object space 86016K, 2% used [0x0000000700000000,0x00000007001c3870,0x0000000705400000)
 Metaspace       used 16414K, capacity 16694K, committed 17024K, reserved 1062912K
  class space    used 2427K, capacity 2571K, committed 2688K, reserved 1048576K
Event: 8.200 GC heap after
Heap after GC invocations=4 (full 0):
 PSYoungGen      total 37888K, used 5088K [0x0000000780000000, 0x0000000782a00000, 0x00000007c0000000)
  eden space 32768K, 0% used [0x0000000780000000,0x0000000780000000,0x0000000782000000)
  from space 5120K, 99% used [0x0000000782500000,0x00000007829f8020,0x0000000782a00000)
  to   space 5120K, 0% used [0x0000000782000000,0x0000000782000000,0x0000000782500000)
 ParOldGen       total 86016K, used 4631K [0x0000000700000000, 0x0000000705400000, 0x0000000780000000)
  object space 86016K, 5% used [0x0000000700000000,0x0000000700485f00,0x0000000705400000)
 Metaspace       used 16414K, capacity 16694K, committed 17024K, reserved 1062912K
  class space    used 2427K, capacity 2571K, committed 2688K, reserved 1048576K
}
Event: 10.962 GC heap before
{Heap before GC invocations=5 (full 0):
 PSYoungGen      total 37888K, used 28732K [0x0000000780000000, 0x0000000782a00000, 0x00000007c0000000)
  eden space 32768K, 72% used [0x0000000780000000,0x00000007817172c0,0x0000000782000000)
  from space 5120K, 99% used [0x0000000782500000,0x00000007829f8020,0x0000000782a00000)
  to   space 5120K, 0% used [0x0000000782000000,0x0000000782000000,0x0000000782500000)
 ParOldGen       total 86016K, used 4631K [0x0000000700000000, 0x0000000705400000, 0x0000000780000000)
  object space 86016K, 5% used [0x0000000700000000,0x0000000700485f00,0x0000000705400000)
 Metaspace       used 20850K, capacity 21148K, committed 21296K, reserved 1067008K
  class space    used 2978K, capacity 3116K, committed 3120K, reserved 1048576K
Event: 10.988 GC heap after
Heap after GC invocations=5 (full 0):
 PSYoungGen      total 37376K, used 5104K [0x0000000780000000, 0x0000000783480000, 0x00000007c0000000)
  eden space 32256K, 0% used [0x0000000780000000,0x0000000780000000,0x0000000781f80000)
  from space 5120K, 99% used [0x0000000782000000,0x00000007824fc040,0x0000000782500000)
  to   space 10752K, 0% used [0x0000000782a00000,0x0000000782a00000,0x0000000783480000)
 ParOldGen       total 86016K, used 8479K [0x0000000700000000, 0x0000000705400000, 0x0000000780000000)
  object space 86016K, 9% used [0x0000000700000000,0x0000000700847ee8,0x0000000705400000)
 Metaspace       used 20850K, capacity 21148K, committed 21296K, reserved 1067008K
  class space    used 2978K, capacity 3116K, committed 3120K, reserved 1048576K
}
Event: 10.988 GC heap before
{Heap before GC invocations=6 (full 1):
 PSYoungGen      total 37376K, used 5104K [0x0000000780000000, 0x0000000783480000, 0x00000007c0000000)
  eden space 32256K, 0% used [0x0000000780000000,0x0000000780000000,0x0000000781f80000)
  from space 5120K, 99% used [0x0000000782000000,0x00000007824fc040,0x0000000782500000)
  to   space 10752K, 0% used [0x0000000782a00000,0x0000000782a00000,0x0000000783480000)
 ParOldGen       total 86016K, used 8479K [0x0000000700000000, 0x0000000705400000, 0x0000000780000000)
  object space 86016K, 9% used [0x0000000700000000,0x0000000700847ee8,0x0000000705400000)
 Metaspace       used 20850K, capacity 21148K, committed 21296K, reserved 1067008K
  class space    used 2978K, capacity 3116K, committed 3120K, reserved 1048576K
Event: 11.045 GC heap after
Heap after GC invocations=6 (full 1):
 PSYoungGen      total 37376K, used 0K [0x0000000780000000, 0x0000000783480000, 0x00000007c0000000)
  eden space 32256K, 0% used [0x0000000780000000,0x0000000780000000,0x0000000781f80000)
  from space 5120K, 0% used [0x0000000782000000,0x0000000782000000,0x0000000782500000)
  to   space 10752K, 0% used [0x0000000782a00000,0x0000000782a00000,0x0000000783480000)
 ParOldGen       total 60928K, used 8907K [0x0000000700000000, 0x0000000703b80000, 0x0000000780000000)
  object space 60928K, 14% used [0x0000000700000000,0x00000007008b2ce0,0x0000000703b80000)
 Metaspace       used 20850K, capacity 21148K, committed 21296K, reserved 1067008K
  class space    used 2978K, capacity 3116K, committed 3120K, reserved 1048576K
}
Event: 12.191 GC heap before
{Heap before GC invocations=7 (full 1):
 PSYoungGen      total 37376K, used 32256K [0x0000000780000000, 0x0000000783480000, 0x00000007c0000000)
  eden space 32256K, 100% used [0x0000000780000000,0x0000000781f80000,0x0000000781f80000)
  from space 5120K, 0% used [0x0000000782000000,0x0000000782000000,0x0000000782500000)
  to   space 10752K, 0% used [0x0000000782a00000,0x0000000782a00000,0x0000000783480000)
 ParOldGen       total 60928K, used 8907K [0x0000000700000000, 0x0000000703b80000, 0x0000000780000000)
  object space 60928K, 14% used [0x0000000700000000,0x00000007008b2ce0,0x0000000703b80000)
 Metaspace       used 23967K, capacity 24302K, committed 24496K, reserved 1071104K
  class space    used 3415K, capacity 3503K, committed 3504K, reserved 1048576K
Event: 12.197 GC heap after
Heap after GC invocations=7 (full 1):
 PSYoungGen      total 43008K, used 3374K [0x0000000780000000, 0x0000000784600000, 0x00000007c0000000)
  eden space 32256K, 0% used [0x0000000780000000,0x0000000780000000,0x0000000781f80000)
  from space 10752K, 31% used [0x0000000782a00000,0x0000000782d4bb78,0x0000000783480000)
  to   space 10752K, 0% used [0x0000000781f80000,0x0000000781f80000,0x0000000782a00000)
 ParOldGen       total 60928K, used 8907K [0x0000000700000000, 0x0000000703b80000, 0x0000000780000000)
  object space 60928K, 14% used [0x0000000700000000,0x00000007008b2ce0,0x0000000703b80000)
 Metaspace       used 23967K, capacity 24302K, committed 24496K, reserved 1071104K
  class space    used 3415K, capacity 3503K, committed 3504K, reserved 1048576K
}

