# JRE version: OpenJDK Runtime Environment (8.0_262-b10) (build 1.8.0_262-b10)
# Java VM: OpenJDK 64-Bit Server VM (25.262-b10 mixed mode windows-amd64 compressed oops)
Heap:
 PSYoungGen      total 140800K, used 20976K [0x0000000780000000, 0x000000078c880000, 0x00000007c0000000)
  eden space 119808K, 0% used [0x0000000780000000,0x0000000780000000,0x0000000787500000)
  from space 20992K, 99% used [0x0000000787500000,0x000000078897c088,0x0000000788980000)
  to   space 33280K, 0% used [0x000000078a800000,0x000000078a800000,0x000000078c880000)
 ParOldGen       total 109056K, used 101198K [0x0000000700000000, 0x0000000706a80000, 0x0000000780000000)
  object space 109056K, 92% used [0x0000000700000000,0x00000007062d3bc8,0x0000000706a80000)
 Metaspace       used 64760K, capacity 65596K, committed 66328K, reserved 1107968K
  class space    used 8199K, capacity 8494K, committed 8496K, reserved 1048576K
GC Heap History (10 events):
Event: 109.189 GC heap after
Heap after GC invocations=58 (full 3):
 PSYoungGen      total 126976K, used 0K [0x0000000780000000, 0x0000000789c00000, 0x00000007c0000000)
  eden space 109056K, 0% used [0x0000000780000000,0x0000000780000000,0x0000000786a80000)
  from space 17920K, 0% used [0x0000000786a80000,0x0000000786a80000,0x0000000787c00000)
  to   space 18944K, 0% used [0x0000000788980000,0x0000000788980000,0x0000000789c00000)
 ParOldGen       total 109056K, used 39104K [0x0000000700000000, 0x0000000706a80000, 0x0000000780000000)
  object space 109056K, 35% used [0x0000000700000000,0x00000007026301f8,0x0000000706a80000)
 Metaspace       used 57914K, capacity 58638K, committed 59160K, reserved 1099776K
  class space    used 7605K, capacity 7879K, committed 7984K, reserved 1048576K
}
Event: 111.444 GC heap before
{Heap before GC invocations=59 (full 3):
 PSYoungGen      total 126976K, used 109056K [0x0000000780000000, 0x0000000789c00000, 0x00000007c0000000)
  eden space 109056K, 100% used [0x0000000780000000,0x0000000786a80000,0x0000000786a80000)
  from space 17920K, 0% used [0x0000000786a80000,0x0000000786a80000,0x0000000787c00000)
  to   space 18944K, 0% used [0x0000000788980000,0x0000000788980000,0x0000000789c00000)
 ParOldGen       total 109056K, used 39104K [0x0000000700000000, 0x0000000706a80000, 0x0000000780000000)
  object space 109056K, 35% used [0x0000000700000000,0x00000007026301f8,0x0000000706a80000)
 Metaspace       used 64258K, capacity 65060K, committed 65816K, reserved 1105920K
  class space    used 8147K, capacity 8450K, committed 8496K, reserved 1048576K
Event: 111.473 GC heap after
Heap after GC invocations=59 (full 3):
 PSYoungGen      total 138752K, used 15242K [0x0000000780000000, 0x000000078a180000, 0x00000007c0000000)
  eden space 119808K, 0% used [0x0000000780000000,0x0000000780000000,0x0000000787500000)
  from space 18944K, 80% used [0x0000000788980000,0x0000000789862b38,0x0000000789c00000)
  to   space 20992K, 0% used [0x0000000787500000,0x0000000787500000,0x0000000788980000)
 ParOldGen       total 109056K, used 39112K [0x0000000700000000, 0x0000000706a80000, 0x0000000780000000)
  object space 109056K, 35% used [0x0000000700000000,0x00000007026321f8,0x0000000706a80000)
 Metaspace       used 64258K, capacity 65060K, committed 65816K, reserved 1105920K
  class space    used 8147K, capacity 8450K, committed 8496K, reserved 1048576K
}
Event: 112.151 GC heap before
{Heap before GC invocations=60 (full 3):
 PSYoungGen      total 138752K, used 135050K [0x0000000780000000, 0x000000078a180000, 0x00000007c0000000)
  eden space 119808K, 100% used [0x0000000780000000,0x0000000787500000,0x0000000787500000)
  from space 18944K, 80% used [0x0000000788980000,0x0000000789862b38,0x0000000789c00000)
  to   space 20992K, 0% used [0x0000000787500000,0x0000000787500000,0x0000000788980000)
 ParOldGen       total 109056K, used 39112K [0x0000000700000000, 0x0000000706a80000, 0x0000000780000000)
  object space 109056K, 35% used [0x0000000700000000,0x00000007026321f8,0x0000000706a80000)
 Metaspace       used 64727K, capacity 65532K, committed 66072K, reserved 1107968K
  class space    used 8196K, capacity 8494K, committed 8496K, reserved 1048576K
Event: 112.193 GC heap after
Heap after GC invocations=60 (full 3):
 PSYoungGen      total 140800K, used 20960K [0x0000000780000000, 0x000000078c880000, 0x00000007c0000000)
  eden space 119808K, 0% used [0x0000000780000000,0x0000000780000000,0x0000000787500000)
  from space 20992K, 99% used [0x0000000787500000,0x00000007889780f8,0x0000000788980000)
  to   space 33280K, 0% used [0x000000078a800000,0x000000078a800000,0x000000078c880000)
 ParOldGen       total 109056K, used 61702K [0x0000000700000000, 0x0000000706a80000, 0x0000000780000000)
  object space 109056K, 56% used [0x0000000700000000,0x0000000703c418a8,0x0000000706a80000)
 Metaspace       used 64727K, capacity 65532K, committed 66072K, reserved 1107968K
  class space    used 8196K, capacity 8494K, committed 8496K, reserved 1048576K
}
Event: 112.496 GC heap before
{Heap before GC invocations=61 (full 3):
 PSYoungGen      total 140800K, used 140768K [0x0000000780000000, 0x000000078c880000, 0x00000007c0000000)
  eden space 119808K, 100% used [0x0000000780000000,0x0000000787500000,0x0000000787500000)
  from space 20992K, 99% used [0x0000000787500000,0x00000007889780f8,0x0000000788980000)
  to   space 33280K, 0% used [0x000000078a800000,0x000000078a800000,0x000000078c880000)
 ParOldGen       total 109056K, used 61702K [0x0000000700000000, 0x0000000706a80000, 0x0000000780000000)
  object space 109056K, 56% used [0x0000000700000000,0x0000000703c418a8,0x0000000706a80000)
 Metaspace       used 64760K, capacity 65596K, committed 66328K, reserved 1107968K
  class space    used 8199K, capacity 8494K, committed 8496K, reserved 1048576K
Event: 112.556 GC heap after
Heap after GC invocations=61 (full 3):
 PSYoungGen      total 153088K, used 33248K [0x0000000780000000, 0x000000078c880000, 0x00000007c0000000)
  eden space 119808K, 0% used [0x0000000780000000,0x0000000780000000,0x0000000787500000)
  from space 33280K, 99% used [0x000000078a800000,0x000000078c878108,0x000000078c880000)
  to   space 20992K, 0% used [0x0000000787500000,0x0000000787500000,0x0000000788980000)
 ParOldGen       total 109056K, used 74548K [0x0000000700000000, 0x0000000706a80000, 0x0000000780000000)
  object space 109056K, 68% used [0x0000000700000000,0x00000007048cd308,0x0000000706a80000)
 Metaspace       used 64760K, capacity 65596K, committed 66328K, reserved 1107968K
  class space    used 8199K, capacity 8494K, committed 8496K, reserved 1048576K
}
Event: 112.783 GC heap before
{Heap before GC invocations=62 (full 3):
 PSYoungGen      total 153088K, used 153056K [0x0000000780000000, 0x000000078c880000, 0x00000007c0000000)
  eden space 119808K, 100% used [0x0000000780000000,0x0000000787500000,0x0000000787500000)
  from space 33280K, 99% used [0x000000078a800000,0x000000078c878108,0x000000078c880000)
  to   space 20992K, 0% used [0x0000000787500000,0x0000000787500000,0x0000000788980000)
 ParOldGen       total 109056K, used 74548K [0x0000000700000000, 0x0000000706a80000, 0x0000000780000000)
  object space 109056K, 68% used [0x0000000700000000,0x00000007048cd308,0x0000000706a80000)
 Metaspace       used 64760K, capacity 65596K, committed 66328K, reserved 1107968K
  class space    used 8199K, capacity 8494K, committed 8496K, reserved 1048576K
Event: 112.860 GC heap after
Heap after GC invocations=62 (full 3):
 PSYoungGen      total 140800K, used 20976K [0x0000000780000000, 0x000000078c880000, 0x00000007c0000000)
  eden space 119808K, 0% used [0x0000000780000000,0x0000000780000000,0x0000000787500000)
  from space 20992K, 99% used [0x0000000787500000,0x000000078897c088,0x0000000788980000)
  to   space 33280K, 0% used [0x000000078a800000,0x000000078a800000,0x000000078c880000)
 ParOldGen       total 109056K, used 101198K [0x0000000700000000, 0x0000000706a80000, 0x0000000780000000)
  object space 109056K, 92% used [0x0000000700000000,0x00000007062d3bc8,0x0000000706a80000)
 Metaspace       used 64760K, capacity 65596K, committed 66328K, reserved 1107968K
  class space    used 8199K, capacity 8494K, committed 8496K, reserved 1048576K
}
Event: 112.860 GC heap before
{Heap before GC invocations=63 (full 4):
 PSYoungGen      total 140800K, used 20976K [0x0000000780000000, 0x000000078c880000, 0x00000007c0000000)
  eden space 119808K, 0% used [0x0000000780000000,0x0000000780000000,0x0000000787500000)
  from space 20992K, 99% used [0x0000000787500000,0x000000078897c088,0x0000000788980000)
  to   space 33280K, 0% used [0x000000078a800000,0x000000078a800000,0x000000078c880000)
 ParOldGen       total 109056K, used 101198K [0x0000000700000000, 0x0000000706a80000, 0x0000000780000000)
  object space 109056K, 92% used [0x0000000700000000,0x00000007062d3bc8,0x0000000706a80000)
 Metaspace       used 64760K, capacity 65596K, committed 66328K, reserved 1107968K
  class space    used 8199K, capacity 8494K, committed 8496K, reserved 1048576K

