# JRE version: OpenJDK Runtime Environment (8.0_262-b10) (build 1.8.0_262-b10)
# Java VM: OpenJDK 64-Bit Server VM (25.262-b10 mixed mode windows-amd64 compressed oops)
Heap:
 PSYoungGen      total 37888K, used 19711K [0x0000000780000000, 0x0000000784a00000, 0x00000007c0000000)
  eden space 32768K, 44% used [0x0000000780000000,0x0000000780e466b8,0x0000000782000000)
  from space 5120K, 99% used [0x0000000782000000,0x00000007824f95c8,0x0000000782500000)
  to   space 5120K, 0% used [0x0000000784500000,0x0000000784500000,0x0000000784a00000)
 ParOldGen       total 86016K, used 1765K [0x0000000700000000, 0x0000000705400000, 0x0000000780000000)
  object space 86016K, 2% used [0x0000000700000000,0x00000007001b9758,0x0000000705400000)
 Metaspace       used 14680K, capacity 14966K, committed 15360K, reserved 1062912K
  class space    used 2133K, capacity 2251K, committed 2304K, reserved 1048576K
GC Heap History (6 events):
Event: 0.997 GC heap before
{Heap before GC invocations=1 (full 0):
 PSYoungGen      total 37888K, used 32768K [0x0000000780000000, 0x0000000782a00000, 0x00000007c0000000)
  eden space 32768K, 100% used [0x0000000780000000,0x0000000782000000,0x0000000782000000)
  from space 5120K, 0% used [0x0000000782500000,0x0000000782500000,0x0000000782a00000)
  to   space 5120K, 0% used [0x0000000782000000,0x0000000782000000,0x0000000782500000)
 ParOldGen       total 86016K, used 0K [0x0000000700000000, 0x0000000705400000, 0x0000000780000000)
  object space 86016K, 0% used [0x0000000700000000,0x0000000700000000,0x0000000705400000)
 Metaspace       used 7108K, capacity 7244K, committed 7424K, reserved 1056768K
  class space    used 878K, capacity 912K, committed 1024K, reserved 1048576K
Event: 1.003 GC heap after
Heap after GC invocations=1 (full 0):
 PSYoungGen      total 37888K, used 4184K [0x0000000780000000, 0x0000000782a00000, 0x00000007c0000000)
  eden space 32768K, 0% used [0x0000000780000000,0x0000000780000000,0x0000000782000000)
  from space 5120K, 81% used [0x0000000782000000,0x0000000782416190,0x0000000782500000)
  to   space 5120K, 0% used [0x0000000782500000,0x0000000782500000,0x0000000782a00000)
 ParOldGen       total 86016K, used 8K [0x0000000700000000, 0x0000000705400000, 0x0000000780000000)
  object space 86016K, 0% used [0x0000000700000000,0x0000000700002000,0x0000000705400000)
 Metaspace       used 7108K, capacity 7244K, committed 7424K, reserved 1056768K
  class space    used 878K, capacity 912K, committed 1024K, reserved 1048576K
}
Event: 1.732 GC heap before
{Heap before GC invocations=2 (full 0):
 PSYoungGen      total 37888K, used 36952K [0x0000000780000000, 0x0000000782a00000, 0x00000007c0000000)
  eden space 32768K, 100% used [0x0000000780000000,0x0000000782000000,0x0000000782000000)
  from space 5120K, 81% used [0x0000000782000000,0x0000000782416190,0x0000000782500000)
  to   space 5120K, 0% used [0x0000000782500000,0x0000000782500000,0x0000000782a00000)
 ParOldGen       total 86016K, used 8K [0x0000000700000000, 0x0000000705400000, 0x0000000780000000)
  object space 86016K, 0% used [0x0000000700000000,0x0000000700002000,0x0000000705400000)
 Metaspace       used 9488K, capacity 9786K, committed 9856K, reserved 1058816K
  class space    used 1290K, capacity 1393K, committed 1408K, reserved 1048576K
Event: 1.747 GC heap after
Heap after GC invocations=2 (full 0):
 PSYoungGen      total 37888K, used 4720K [0x0000000780000000, 0x0000000784a00000, 0x00000007c0000000)
  eden space 32768K, 0% used [0x0000000780000000,0x0000000780000000,0x0000000782000000)
  from space 5120K, 92% used [0x0000000782500000,0x000000078299c3a8,0x0000000782a00000)
  to   space 5120K, 0% used [0x0000000782000000,0x0000000782000000,0x0000000782500000)
 ParOldGen       total 86016K, used 16K [0x0000000700000000, 0x0000000705400000, 0x0000000780000000)
  object space 86016K, 0% used [0x0000000700000000,0x0000000700004000,0x0000000705400000)
 Metaspace       used 9488K, capacity 9786K, committed 9856K, reserved 1058816K
  class space    used 1290K, capacity 1393K, committed 1408K, reserved 1048576K
}
Event: 3.938 GC heap before
{Heap before GC invocations=3 (full 0):
 PSYoungGen      total 37888K, used 37488K [0x0000000780000000, 0x0000000784a00000, 0x00000007c0000000)
  eden space 32768K, 100% used [0x0000000780000000,0x0000000782000000,0x0000000782000000)
  from space 5120K, 92% used [0x0000000782500000,0x000000078299c3a8,0x0000000782a00000)
  to   space 5120K, 0% used [0x0000000782000000,0x0000000782000000,0x0000000782500000)
 ParOldGen       total 86016K, used 16K [0x0000000700000000, 0x0000000705400000, 0x0000000780000000)
  object space 86016K, 0% used [0x0000000700000000,0x0000000700004000,0x0000000705400000)
 Metaspace       used 13456K, capacity 13780K, committed 14080K, reserved 1060864K
  class space    used 1922K, capacity 2026K, committed 2048K, reserved 1048576K
Event: 3.947 GC heap after
Heap after GC invocations=3 (full 0):
 PSYoungGen      total 37888K, used 5093K [0x0000000780000000, 0x0000000784a00000, 0x00000007c0000000)
  eden space 32768K, 0% used [0x0000000780000000,0x0000000780000000,0x0000000782000000)
  from space 5120K, 99% used [0x0000000782000000,0x00000007824f95c8,0x0000000782500000)
  to   space 5120K, 0% used [0x0000000784500000,0x0000000784500000,0x0000000784a00000)
 ParOldGen       total 86016K, used 1765K [0x0000000700000000, 0x0000000705400000, 0x0000000780000000)
  object space 86016K, 2% used [0x0000000700000000,0x00000007001b9758,0x0000000705400000)
 Metaspace       used 13456K, capacity 13780K, committed 14080K, reserved 1060864K
  class space    used 1922K, capacity 2026K, committed 2048K, reserved 1048576K
}

